have_header: checking for ldap.h... -------------------- yes

"gcc -o conftest -I/Users/cthielen/.rvm/rubies/ruby-1.9.3-p194/include/ruby-1.9.1/x86_64-darwin12.0.0 -I/Users/cthielen/.rvm/rubies/ruby-1.9.3-p194/include/ruby-1.9.1/ruby/backward -I/Users/cthielen/.rvm/rubies/ruby-1.9.3-p194/include/ruby-1.9.1 -I. -I/Users/cthielen/.rvm/usr/include -D_XOPEN_SOURCE -D_DARWIN_C_SOURCE    -O3 -ggdb -Wextra -Wno-unused-parameter -Wno-parentheses -Wno-long-long -Wno-missing-field-initializers -Wpointer-arith -Wwrite-strings -Wdeclaration-after-statement -Wshorten-64-to-32 -Wimplicit-function-declaration  -fno-common -pipe conftest.c  -L. -L/Users/cthielen/.rvm/rubies/ruby-1.9.3-p194/lib -L/Users/cthielen/.rvm/usr/lib -L. -L/usr/local/lib     -lruby.1.9.1  -lpthread -ldl -lobjc "
checked program was:
/* begin */
1: #include "ruby.h"
2: 
3: int main() {return 0;}
/* end */

"gcc -E -I/Users/cthielen/.rvm/rubies/ruby-1.9.3-p194/include/ruby-1.9.1/x86_64-darwin12.0.0 -I/Users/cthielen/.rvm/rubies/ruby-1.9.3-p194/include/ruby-1.9.1/ruby/backward -I/Users/cthielen/.rvm/rubies/ruby-1.9.3-p194/include/ruby-1.9.1 -I. -I/Users/cthielen/.rvm/usr/include -D_XOPEN_SOURCE -D_DARWIN_C_SOURCE    -O3 -ggdb -Wextra -Wno-unused-parameter -Wno-parentheses -Wno-long-long -Wno-missing-field-initializers -Wpointer-arith -Wwrite-strings -Wdeclaration-after-statement -Wshorten-64-to-32 -Wimplicit-function-declaration  -fno-common -pipe  conftest.c -o conftest.i"
checked program was:
/* begin */
1: #include "ruby.h"
2: 
3: #include <ldap.h>
/* end */

--------------------

have_header: checking for lber.h... -------------------- yes

"gcc -E -I/Users/cthielen/.rvm/rubies/ruby-1.9.3-p194/include/ruby-1.9.1/x86_64-darwin12.0.0 -I/Users/cthielen/.rvm/rubies/ruby-1.9.3-p194/include/ruby-1.9.1/ruby/backward -I/Users/cthielen/.rvm/rubies/ruby-1.9.3-p194/include/ruby-1.9.1 -I. -I/Users/cthielen/.rvm/usr/include -D_XOPEN_SOURCE -D_DARWIN_C_SOURCE    -O3 -ggdb -Wextra -Wno-unused-parameter -Wno-parentheses -Wno-long-long -Wno-missing-field-initializers -Wpointer-arith -Wwrite-strings -Wdeclaration-after-statement -Wshorten-64-to-32 -Wimplicit-function-declaration  -fno-common -pipe  conftest.c -o conftest.i"
checked program was:
/* begin */
1: #include "ruby.h"
2: 
3: #include <lber.h>
/* end */

--------------------

have_header: checking for ldap_ssl.h... -------------------- no

"gcc -E -I/Users/cthielen/.rvm/rubies/ruby-1.9.3-p194/include/ruby-1.9.1/x86_64-darwin12.0.0 -I/Users/cthielen/.rvm/rubies/ruby-1.9.3-p194/include/ruby-1.9.1/ruby/backward -I/Users/cthielen/.rvm/rubies/ruby-1.9.3-p194/include/ruby-1.9.1 -I. -I/Users/cthielen/.rvm/usr/include -D_XOPEN_SOURCE -D_DARWIN_C_SOURCE    -O3 -ggdb -Wextra -Wno-unused-parameter -Wno-parentheses -Wno-long-long -Wno-missing-field-initializers -Wpointer-arith -Wwrite-strings -Wdeclaration-after-statement -Wshorten-64-to-32 -Wimplicit-function-declaration  -fno-common -pipe  conftest.c -o conftest.i"
conftest.c:3:22: error: ldap_ssl.h: No such file or directory
checked program was:
/* begin */
1: #include "ruby.h"
2: 
3: #include <ldap_ssl.h>
/* end */

--------------------

have_header: checking for openssl/ssl.h... -------------------- yes

"gcc -E -I/Users/cthielen/.rvm/rubies/ruby-1.9.3-p194/include/ruby-1.9.1/x86_64-darwin12.0.0 -I/Users/cthielen/.rvm/rubies/ruby-1.9.3-p194/include/ruby-1.9.1/ruby/backward -I/Users/cthielen/.rvm/rubies/ruby-1.9.3-p194/include/ruby-1.9.1 -I. -I/Users/cthielen/.rvm/usr/include -D_XOPEN_SOURCE -D_DARWIN_C_SOURCE    -O3 -ggdb -Wextra -Wno-unused-parameter -Wno-parentheses -Wno-long-long -Wno-missing-field-initializers -Wpointer-arith -Wwrite-strings -Wdeclaration-after-statement -Wshorten-64-to-32 -Wimplicit-function-declaration  -fno-common -pipe  conftest.c -o conftest.i"
checked program was:
/* begin */
1: #include "ruby.h"
2: 
3: #include <openssl/ssl.h>
/* end */

--------------------

have_header: checking for openssl/crypto.h... -------------------- yes

"gcc -E -I/Users/cthielen/.rvm/rubies/ruby-1.9.3-p194/include/ruby-1.9.1/x86_64-darwin12.0.0 -I/Users/cthielen/.rvm/rubies/ruby-1.9.3-p194/include/ruby-1.9.1/ruby/backward -I/Users/cthielen/.rvm/rubies/ruby-1.9.3-p194/include/ruby-1.9.1 -I. -I/Users/cthielen/.rvm/usr/include -D_XOPEN_SOURCE -D_DARWIN_C_SOURCE    -O3 -ggdb -Wextra -Wno-unused-parameter -Wno-parentheses -Wno-long-long -Wno-missing-field-initializers -Wpointer-arith -Wwrite-strings -Wdeclaration-after-statement -Wshorten-64-to-32 -Wimplicit-function-declaration  -fno-common -pipe  conftest.c -o conftest.i"
checked program was:
/* begin */
1: #include "ruby.h"
2: 
3: #include <openssl/crypto.h>
/* end */

--------------------

have_library: checking for main() in -lcrypto... -------------------- yes

"gcc -o conftest -I/Users/cthielen/.rvm/rubies/ruby-1.9.3-p194/include/ruby-1.9.1/x86_64-darwin12.0.0 -I/Users/cthielen/.rvm/rubies/ruby-1.9.3-p194/include/ruby-1.9.1/ruby/backward -I/Users/cthielen/.rvm/rubies/ruby-1.9.3-p194/include/ruby-1.9.1 -I. -I/Users/cthielen/.rvm/usr/include -D_XOPEN_SOURCE -D_DARWIN_C_SOURCE    -O3 -ggdb -Wextra -Wno-unused-parameter -Wno-parentheses -Wno-long-long -Wno-missing-field-initializers -Wpointer-arith -Wwrite-strings -Wdeclaration-after-statement -Wshorten-64-to-32 -Wimplicit-function-declaration  -fno-common -pipe conftest.c  -L. -L/Users/cthielen/.rvm/rubies/ruby-1.9.3-p194/lib -L/Users/cthielen/.rvm/usr/lib -L. -L/usr/local/lib     -lruby.1.9.1 -lcrypto  -lpthread -ldl -lobjc  -pthread"
checked program was:
/* begin */
1: #include "ruby.h"
2: 
3: /*top*/
4: int main() {return 0;}
5: int t() { void ((*volatile p)()); p = (void ((*)()))main; return 0; }
/* end */

--------------------

have_library: checking for main() in -lssl... -------------------- yes

"gcc -o conftest -I/Users/cthielen/.rvm/rubies/ruby-1.9.3-p194/include/ruby-1.9.1/x86_64-darwin12.0.0 -I/Users/cthielen/.rvm/rubies/ruby-1.9.3-p194/include/ruby-1.9.1/ruby/backward -I/Users/cthielen/.rvm/rubies/ruby-1.9.3-p194/include/ruby-1.9.1 -I. -I/Users/cthielen/.rvm/usr/include -D_XOPEN_SOURCE -D_DARWIN_C_SOURCE    -O3 -ggdb -Wextra -Wno-unused-parameter -Wno-parentheses -Wno-long-long -Wno-missing-field-initializers -Wpointer-arith -Wwrite-strings -Wdeclaration-after-statement -Wshorten-64-to-32 -Wimplicit-function-declaration  -fno-common -pipe conftest.c  -L. -L/Users/cthielen/.rvm/rubies/ruby-1.9.3-p194/lib -L/Users/cthielen/.rvm/usr/lib -L. -L/usr/local/lib    -lcrypto  -lruby.1.9.1 -lssl -lcrypto  -lpthread -ldl -lobjc  -pthread"
checked program was:
/* begin */
1: #include "ruby.h"
2: 
3: /*top*/
4: int main() {return 0;}
5: int t() { void ((*volatile p)()); p = (void ((*)()))main; return 0; }
/* end */

--------------------

have_library: checking for main() in -lnsl... -------------------- no

"gcc -o conftest -I/Users/cthielen/.rvm/rubies/ruby-1.9.3-p194/include/ruby-1.9.1/x86_64-darwin12.0.0 -I/Users/cthielen/.rvm/rubies/ruby-1.9.3-p194/include/ruby-1.9.1/ruby/backward -I/Users/cthielen/.rvm/rubies/ruby-1.9.3-p194/include/ruby-1.9.1 -I. -I/Users/cthielen/.rvm/usr/include -D_XOPEN_SOURCE -D_DARWIN_C_SOURCE    -O3 -ggdb -Wextra -Wno-unused-parameter -Wno-parentheses -Wno-long-long -Wno-missing-field-initializers -Wpointer-arith -Wwrite-strings -Wdeclaration-after-statement -Wshorten-64-to-32 -Wimplicit-function-declaration  -fno-common -pipe conftest.c  -L. -L/Users/cthielen/.rvm/rubies/ruby-1.9.3-p194/lib -L/Users/cthielen/.rvm/usr/lib -L. -L/usr/local/lib    -lssl -lcrypto  -lruby.1.9.1 -lnsl -lssl -lcrypto  -lpthread -ldl -lobjc  -pthread"
ld: library not found for -lnsl
collect2: ld returned 1 exit status
checked program was:
/* begin */
1: #include "ruby.h"
2: 
3: /*top*/
4: int main() {return 0;}
5: int t() { void ((*volatile p)()); p = (void ((*)()))main; return 0; }
/* end */

"gcc -o conftest -I/Users/cthielen/.rvm/rubies/ruby-1.9.3-p194/include/ruby-1.9.1/x86_64-darwin12.0.0 -I/Users/cthielen/.rvm/rubies/ruby-1.9.3-p194/include/ruby-1.9.1/ruby/backward -I/Users/cthielen/.rvm/rubies/ruby-1.9.3-p194/include/ruby-1.9.1 -I. -I/Users/cthielen/.rvm/usr/include -D_XOPEN_SOURCE -D_DARWIN_C_SOURCE    -O3 -ggdb -Wextra -Wno-unused-parameter -Wno-parentheses -Wno-long-long -Wno-missing-field-initializers -Wpointer-arith -Wwrite-strings -Wdeclaration-after-statement -Wshorten-64-to-32 -Wimplicit-function-declaration  -fno-common -pipe conftest.c  -L. -L/Users/cthielen/.rvm/rubies/ruby-1.9.3-p194/lib -L/Users/cthielen/.rvm/usr/lib -L. -L/usr/local/lib    -lssl -lcrypto  -lruby.1.9.1 -lnsl -lssl -lcrypto  -lpthread -ldl -lobjc  -pthread"
ld: library not found for -lnsl
collect2: ld returned 1 exit status
checked program was:
/* begin */
1: #include "ruby.h"
2: 
3: /*top*/
4: int main() {return 0;}
5: int t() { main(); return 0; }
/* end */

--------------------

have_library: checking for main() in -lpthread... -------------------- yes

"gcc -o conftest -I/Users/cthielen/.rvm/rubies/ruby-1.9.3-p194/include/ruby-1.9.1/x86_64-darwin12.0.0 -I/Users/cthielen/.rvm/rubies/ruby-1.9.3-p194/include/ruby-1.9.1/ruby/backward -I/Users/cthielen/.rvm/rubies/ruby-1.9.3-p194/include/ruby-1.9.1 -I. -I/Users/cthielen/.rvm/usr/include -D_XOPEN_SOURCE -D_DARWIN_C_SOURCE    -O3 -ggdb -Wextra -Wno-unused-parameter -Wno-parentheses -Wno-long-long -Wno-missing-field-initializers -Wpointer-arith -Wwrite-strings -Wdeclaration-after-statement -Wshorten-64-to-32 -Wimplicit-function-declaration  -fno-common -pipe conftest.c  -L. -L/Users/cthielen/.rvm/rubies/ruby-1.9.3-p194/lib -L/Users/cthielen/.rvm/usr/lib -L. -L/usr/local/lib    -lssl -lcrypto  -lruby.1.9.1 -lpthread -lssl -lcrypto  -lpthread -ldl -lobjc  -pthread"
checked program was:
/* begin */
1: #include "ruby.h"
2: 
3: /*top*/
4: int main() {return 0;}
5: int t() { void ((*volatile p)()); p = (void ((*)()))main; return 0; }
/* end */

--------------------

have_library: checking for main() in -lresolv... -------------------- yes

"gcc -o conftest -I/Users/cthielen/.rvm/rubies/ruby-1.9.3-p194/include/ruby-1.9.1/x86_64-darwin12.0.0 -I/Users/cthielen/.rvm/rubies/ruby-1.9.3-p194/include/ruby-1.9.1/ruby/backward -I/Users/cthielen/.rvm/rubies/ruby-1.9.3-p194/include/ruby-1.9.1 -I. -I/Users/cthielen/.rvm/usr/include -D_XOPEN_SOURCE -D_DARWIN_C_SOURCE    -O3 -ggdb -Wextra -Wno-unused-parameter -Wno-parentheses -Wno-long-long -Wno-missing-field-initializers -Wpointer-arith -Wwrite-strings -Wdeclaration-after-statement -Wshorten-64-to-32 -Wimplicit-function-declaration  -fno-common -pipe conftest.c  -L. -L/Users/cthielen/.rvm/rubies/ruby-1.9.3-p194/lib -L/Users/cthielen/.rvm/usr/lib -L. -L/usr/local/lib    -lpthread -lssl -lcrypto  -lruby.1.9.1 -lresolv -lpthread -lssl -lcrypto  -lpthread -ldl -lobjc  -pthread"
checked program was:
/* begin */
1: #include "ruby.h"
2: 
3: /*top*/
4: int main() {return 0;}
5: int t() { void ((*volatile p)()); p = (void ((*)()))main; return 0; }
/* end */

--------------------

have_library: checking for main() in -llber... -------------------- yes

"gcc -o conftest -I/Users/cthielen/.rvm/rubies/ruby-1.9.3-p194/include/ruby-1.9.1/x86_64-darwin12.0.0 -I/Users/cthielen/.rvm/rubies/ruby-1.9.3-p194/include/ruby-1.9.1/ruby/backward -I/Users/cthielen/.rvm/rubies/ruby-1.9.3-p194/include/ruby-1.9.1 -I. -I/Users/cthielen/.rvm/usr/include -D_XOPEN_SOURCE -D_DARWIN_C_SOURCE    -O3 -ggdb -Wextra -Wno-unused-parameter -Wno-parentheses -Wno-long-long -Wno-missing-field-initializers -Wpointer-arith -Wwrite-strings -Wdeclaration-after-statement -Wshorten-64-to-32 -Wimplicit-function-declaration  -fno-common -pipe conftest.c  -L. -L/Users/cthielen/.rvm/rubies/ruby-1.9.3-p194/lib -L/Users/cthielen/.rvm/usr/lib -L. -L/usr/local/lib    -lresolv -lpthread -lssl -lcrypto  -lruby.1.9.1 -llber -lresolv -lpthread -lssl -lcrypto  -lpthread -ldl -lobjc  -pthread"
checked program was:
/* begin */
1: #include "ruby.h"
2: 
3: /*top*/
4: int main() {return 0;}
5: int t() { void ((*volatile p)()); p = (void ((*)()))main; return 0; }
/* end */

--------------------

have_library: checking for main() in -lldap_r... -------------------- yes

"gcc -o conftest -I/Users/cthielen/.rvm/rubies/ruby-1.9.3-p194/include/ruby-1.9.1/x86_64-darwin12.0.0 -I/Users/cthielen/.rvm/rubies/ruby-1.9.3-p194/include/ruby-1.9.1/ruby/backward -I/Users/cthielen/.rvm/rubies/ruby-1.9.3-p194/include/ruby-1.9.1 -I. -I/Users/cthielen/.rvm/usr/include -D_XOPEN_SOURCE -D_DARWIN_C_SOURCE    -O3 -ggdb -Wextra -Wno-unused-parameter -Wno-parentheses -Wno-long-long -Wno-missing-field-initializers -Wpointer-arith -Wwrite-strings -Wdeclaration-after-statement -Wshorten-64-to-32 -Wimplicit-function-declaration  -fno-common -pipe conftest.c  -L. -L/Users/cthielen/.rvm/rubies/ruby-1.9.3-p194/lib -L/Users/cthielen/.rvm/usr/lib -L. -L/usr/local/lib    -llber -lresolv -lpthread -lssl -lcrypto  -lruby.1.9.1 -lldap_r -llber -lresolv -lpthread -lssl -lcrypto  -lpthread -ldl -lobjc  -pthread"
checked program was:
/* begin */
1: #include "ruby.h"
2: 
3: /*top*/
4: int main() {return 0;}
5: int t() { void ((*volatile p)()); p = (void ((*)()))main; return 0; }
/* end */

--------------------

have_library: checking for main() in -lldap... -------------------- yes

"gcc -o conftest -I/Users/cthielen/.rvm/rubies/ruby-1.9.3-p194/include/ruby-1.9.1/x86_64-darwin12.0.0 -I/Users/cthielen/.rvm/rubies/ruby-1.9.3-p194/include/ruby-1.9.1/ruby/backward -I/Users/cthielen/.rvm/rubies/ruby-1.9.3-p194/include/ruby-1.9.1 -I. -I/Users/cthielen/.rvm/usr/include -D_XOPEN_SOURCE -D_DARWIN_C_SOURCE    -O3 -ggdb -Wextra -Wno-unused-parameter -Wno-parentheses -Wno-long-long -Wno-missing-field-initializers -Wpointer-arith -Wwrite-strings -Wdeclaration-after-statement -Wshorten-64-to-32 -Wimplicit-function-declaration  -fno-common -pipe conftest.c  -L. -L/Users/cthielen/.rvm/rubies/ruby-1.9.3-p194/lib -L/Users/cthielen/.rvm/usr/lib -L. -L/usr/local/lib    -lldap_r -llber -lresolv -lpthread -lssl -lcrypto  -lruby.1.9.1 -lldap -lldap_r -llber -lresolv -lpthread -lssl -lcrypto  -lpthread -ldl -lobjc  -pthread"
checked program was:
/* begin */
1: #include "ruby.h"
2: 
3: /*top*/
4: int main() {return 0;}
5: int t() { void ((*volatile p)()); p = (void ((*)()))main; return 0; }
/* end */

--------------------

have_func: checking for ldap_init() in ldap.h... -------------------- yes

"gcc -o conftest -I/Users/cthielen/.rvm/rubies/ruby-1.9.3-p194/include/ruby-1.9.1/x86_64-darwin12.0.0 -I/Users/cthielen/.rvm/rubies/ruby-1.9.3-p194/include/ruby-1.9.1/ruby/backward -I/Users/cthielen/.rvm/rubies/ruby-1.9.3-p194/include/ruby-1.9.1 -I. -I/Users/cthielen/.rvm/usr/include -D_XOPEN_SOURCE -D_DARWIN_C_SOURCE    -O3 -ggdb -Wextra -Wno-unused-parameter -Wno-parentheses -Wno-long-long -Wno-missing-field-initializers -Wpointer-arith -Wwrite-strings -Wdeclaration-after-statement -Wshorten-64-to-32 -Wimplicit-function-declaration  -fno-common -pipe conftest.c  -L. -L/Users/cthielen/.rvm/rubies/ruby-1.9.3-p194/lib -L/Users/cthielen/.rvm/usr/lib -L. -L/usr/local/lib    -lldap -lldap_r -llber -lresolv -lpthread -lssl -lcrypto  -lruby.1.9.1 -lldap -lldap_r -llber -lresolv -lpthread -lssl -lcrypto  -lpthread -ldl -lobjc  -pthread"
checked program was:
/* begin */
1: #include "ruby.h"
2: 
3: #include <ldap.h>
4: 
5: /*top*/
6: int main() {return 0;}
7: int t() { void ((*volatile p)()); p = (void ((*)()))ldap_init; return 0; }
/* end */

--------------------

have_func: checking for ldap_set_option()... -------------------- yes

"gcc -o conftest -I/Users/cthielen/.rvm/rubies/ruby-1.9.3-p194/include/ruby-1.9.1/x86_64-darwin12.0.0 -I/Users/cthielen/.rvm/rubies/ruby-1.9.3-p194/include/ruby-1.9.1/ruby/backward -I/Users/cthielen/.rvm/rubies/ruby-1.9.3-p194/include/ruby-1.9.1 -I. -I/Users/cthielen/.rvm/usr/include -D_XOPEN_SOURCE -D_DARWIN_C_SOURCE    -O3 -ggdb -Wextra -Wno-unused-parameter -Wno-parentheses -Wno-long-long -Wno-missing-field-initializers -Wpointer-arith -Wwrite-strings -Wdeclaration-after-statement -Wshorten-64-to-32 -Wimplicit-function-declaration  -fno-common -pipe conftest.c  -L. -L/Users/cthielen/.rvm/rubies/ruby-1.9.3-p194/lib -L/Users/cthielen/.rvm/usr/lib -L. -L/usr/local/lib    -lldap -lldap_r -llber -lresolv -lpthread -lssl -lcrypto  -lruby.1.9.1 -lldap -lldap_r -llber -lresolv -lpthread -lssl -lcrypto  -lpthread -ldl -lobjc  -pthread"
conftest.c: In function ‘t’:
conftest.c:5: error: ‘ldap_set_option’ undeclared (first use in this function)
conftest.c:5: error: (Each undeclared identifier is reported only once
conftest.c:5: error: for each function it appears in.)
checked program was:
/* begin */
1: #include "ruby.h"
2: 
3: /*top*/
4: int main() {return 0;}
5: int t() { void ((*volatile p)()); p = (void ((*)()))ldap_set_option; return 0; }
/* end */

"gcc -o conftest -I/Users/cthielen/.rvm/rubies/ruby-1.9.3-p194/include/ruby-1.9.1/x86_64-darwin12.0.0 -I/Users/cthielen/.rvm/rubies/ruby-1.9.3-p194/include/ruby-1.9.1/ruby/backward -I/Users/cthielen/.rvm/rubies/ruby-1.9.3-p194/include/ruby-1.9.1 -I. -I/Users/cthielen/.rvm/usr/include -D_XOPEN_SOURCE -D_DARWIN_C_SOURCE    -O3 -ggdb -Wextra -Wno-unused-parameter -Wno-parentheses -Wno-long-long -Wno-missing-field-initializers -Wpointer-arith -Wwrite-strings -Wdeclaration-after-statement -Wshorten-64-to-32 -Wimplicit-function-declaration  -fno-common -pipe conftest.c  -L. -L/Users/cthielen/.rvm/rubies/ruby-1.9.3-p194/lib -L/Users/cthielen/.rvm/usr/lib -L. -L/usr/local/lib    -lldap -lldap_r -llber -lresolv -lpthread -lssl -lcrypto  -lruby.1.9.1 -lldap -lldap_r -llber -lresolv -lpthread -lssl -lcrypto  -lpthread -ldl -lobjc  -pthread"
conftest.c: In function ‘t’:
conftest.c:5: warning: implicit declaration of function ‘ldap_set_option’
checked program was:
/* begin */
1: #include "ruby.h"
2: 
3: /*top*/
4: int main() {return 0;}
5: int t() { ldap_set_option(); return 0; }
/* end */

--------------------

have_func: checking for ldap_get_option()... -------------------- yes

"gcc -o conftest -I/Users/cthielen/.rvm/rubies/ruby-1.9.3-p194/include/ruby-1.9.1/x86_64-darwin12.0.0 -I/Users/cthielen/.rvm/rubies/ruby-1.9.3-p194/include/ruby-1.9.1/ruby/backward -I/Users/cthielen/.rvm/rubies/ruby-1.9.3-p194/include/ruby-1.9.1 -I. -I/Users/cthielen/.rvm/usr/include -D_XOPEN_SOURCE -D_DARWIN_C_SOURCE    -O3 -ggdb -Wextra -Wno-unused-parameter -Wno-parentheses -Wno-long-long -Wno-missing-field-initializers -Wpointer-arith -Wwrite-strings -Wdeclaration-after-statement -Wshorten-64-to-32 -Wimplicit-function-declaration  -fno-common -pipe conftest.c  -L. -L/Users/cthielen/.rvm/rubies/ruby-1.9.3-p194/lib -L/Users/cthielen/.rvm/usr/lib -L. -L/usr/local/lib    -lldap -lldap_r -llber -lresolv -lpthread -lssl -lcrypto  -lruby.1.9.1 -lldap -lldap_r -llber -lresolv -lpthread -lssl -lcrypto  -lpthread -ldl -lobjc  -pthread"
conftest.c: In function ‘t’:
conftest.c:5: error: ‘ldap_get_option’ undeclared (first use in this function)
conftest.c:5: error: (Each undeclared identifier is reported only once
conftest.c:5: error: for each function it appears in.)
checked program was:
/* begin */
1: #include "ruby.h"
2: 
3: /*top*/
4: int main() {return 0;}
5: int t() { void ((*volatile p)()); p = (void ((*)()))ldap_get_option; return 0; }
/* end */

"gcc -o conftest -I/Users/cthielen/.rvm/rubies/ruby-1.9.3-p194/include/ruby-1.9.1/x86_64-darwin12.0.0 -I/Users/cthielen/.rvm/rubies/ruby-1.9.3-p194/include/ruby-1.9.1/ruby/backward -I/Users/cthielen/.rvm/rubies/ruby-1.9.3-p194/include/ruby-1.9.1 -I. -I/Users/cthielen/.rvm/usr/include -D_XOPEN_SOURCE -D_DARWIN_C_SOURCE    -O3 -ggdb -Wextra -Wno-unused-parameter -Wno-parentheses -Wno-long-long -Wno-missing-field-initializers -Wpointer-arith -Wwrite-strings -Wdeclaration-after-statement -Wshorten-64-to-32 -Wimplicit-function-declaration  -fno-common -pipe conftest.c  -L. -L/Users/cthielen/.rvm/rubies/ruby-1.9.3-p194/lib -L/Users/cthielen/.rvm/usr/lib -L. -L/usr/local/lib    -lldap -lldap_r -llber -lresolv -lpthread -lssl -lcrypto  -lruby.1.9.1 -lldap -lldap_r -llber -lresolv -lpthread -lssl -lcrypto  -lpthread -ldl -lobjc  -pthread"
conftest.c: In function ‘t’:
conftest.c:5: warning: implicit declaration of function ‘ldap_get_option’
checked program was:
/* begin */
1: #include "ruby.h"
2: 
3: /*top*/
4: int main() {return 0;}
5: int t() { ldap_get_option(); return 0; }
/* end */

--------------------

have_func: checking for ldap_start_tls_s()... -------------------- yes

"gcc -o conftest -I/Users/cthielen/.rvm/rubies/ruby-1.9.3-p194/include/ruby-1.9.1/x86_64-darwin12.0.0 -I/Users/cthielen/.rvm/rubies/ruby-1.9.3-p194/include/ruby-1.9.1/ruby/backward -I/Users/cthielen/.rvm/rubies/ruby-1.9.3-p194/include/ruby-1.9.1 -I. -I/Users/cthielen/.rvm/usr/include -D_XOPEN_SOURCE -D_DARWIN_C_SOURCE    -O3 -ggdb -Wextra -Wno-unused-parameter -Wno-parentheses -Wno-long-long -Wno-missing-field-initializers -Wpointer-arith -Wwrite-strings -Wdeclaration-after-statement -Wshorten-64-to-32 -Wimplicit-function-declaration  -fno-common -pipe conftest.c  -L. -L/Users/cthielen/.rvm/rubies/ruby-1.9.3-p194/lib -L/Users/cthielen/.rvm/usr/lib -L. -L/usr/local/lib    -lldap -lldap_r -llber -lresolv -lpthread -lssl -lcrypto  -lruby.1.9.1 -lldap -lldap_r -llber -lresolv -lpthread -lssl -lcrypto  -lpthread -ldl -lobjc  -pthread"
conftest.c: In function ‘t’:
conftest.c:5: error: ‘ldap_start_tls_s’ undeclared (first use in this function)
conftest.c:5: error: (Each undeclared identifier is reported only once
conftest.c:5: error: for each function it appears in.)
checked program was:
/* begin */
1: #include "ruby.h"
2: 
3: /*top*/
4: int main() {return 0;}
5: int t() { void ((*volatile p)()); p = (void ((*)()))ldap_start_tls_s; return 0; }
/* end */

"gcc -o conftest -I/Users/cthielen/.rvm/rubies/ruby-1.9.3-p194/include/ruby-1.9.1/x86_64-darwin12.0.0 -I/Users/cthielen/.rvm/rubies/ruby-1.9.3-p194/include/ruby-1.9.1/ruby/backward -I/Users/cthielen/.rvm/rubies/ruby-1.9.3-p194/include/ruby-1.9.1 -I. -I/Users/cthielen/.rvm/usr/include -D_XOPEN_SOURCE -D_DARWIN_C_SOURCE    -O3 -ggdb -Wextra -Wno-unused-parameter -Wno-parentheses -Wno-long-long -Wno-missing-field-initializers -Wpointer-arith -Wwrite-strings -Wdeclaration-after-statement -Wshorten-64-to-32 -Wimplicit-function-declaration  -fno-common -pipe conftest.c  -L. -L/Users/cthielen/.rvm/rubies/ruby-1.9.3-p194/lib -L/Users/cthielen/.rvm/usr/lib -L. -L/usr/local/lib    -lldap -lldap_r -llber -lresolv -lpthread -lssl -lcrypto  -lruby.1.9.1 -lldap -lldap_r -llber -lresolv -lpthread -lssl -lcrypto  -lpthread -ldl -lobjc  -pthread"
conftest.c: In function ‘t’:
conftest.c:5: warning: implicit declaration of function ‘ldap_start_tls_s’
checked program was:
/* begin */
1: #include "ruby.h"
2: 
3: /*top*/
4: int main() {return 0;}
5: int t() { ldap_start_tls_s(); return 0; }
/* end */

--------------------

have_func: checking for ldap_memfree()... -------------------- yes

"gcc -o conftest -I/Users/cthielen/.rvm/rubies/ruby-1.9.3-p194/include/ruby-1.9.1/x86_64-darwin12.0.0 -I/Users/cthielen/.rvm/rubies/ruby-1.9.3-p194/include/ruby-1.9.1/ruby/backward -I/Users/cthielen/.rvm/rubies/ruby-1.9.3-p194/include/ruby-1.9.1 -I. -I/Users/cthielen/.rvm/usr/include -D_XOPEN_SOURCE -D_DARWIN_C_SOURCE    -O3 -ggdb -Wextra -Wno-unused-parameter -Wno-parentheses -Wno-long-long -Wno-missing-field-initializers -Wpointer-arith -Wwrite-strings -Wdeclaration-after-statement -Wshorten-64-to-32 -Wimplicit-function-declaration  -fno-common -pipe conftest.c  -L. -L/Users/cthielen/.rvm/rubies/ruby-1.9.3-p194/lib -L/Users/cthielen/.rvm/usr/lib -L. -L/usr/local/lib    -lldap -lldap_r -llber -lresolv -lpthread -lssl -lcrypto  -lruby.1.9.1 -lldap -lldap_r -llber -lresolv -lpthread -lssl -lcrypto  -lpthread -ldl -lobjc  -pthread"
conftest.c: In function ‘t’:
conftest.c:5: error: ‘ldap_memfree’ undeclared (first use in this function)
conftest.c:5: error: (Each undeclared identifier is reported only once
conftest.c:5: error: for each function it appears in.)
checked program was:
/* begin */
1: #include "ruby.h"
2: 
3: /*top*/
4: int main() {return 0;}
5: int t() { void ((*volatile p)()); p = (void ((*)()))ldap_memfree; return 0; }
/* end */

"gcc -o conftest -I/Users/cthielen/.rvm/rubies/ruby-1.9.3-p194/include/ruby-1.9.1/x86_64-darwin12.0.0 -I/Users/cthielen/.rvm/rubies/ruby-1.9.3-p194/include/ruby-1.9.1/ruby/backward -I/Users/cthielen/.rvm/rubies/ruby-1.9.3-p194/include/ruby-1.9.1 -I. -I/Users/cthielen/.rvm/usr/include -D_XOPEN_SOURCE -D_DARWIN_C_SOURCE    -O3 -ggdb -Wextra -Wno-unused-parameter -Wno-parentheses -Wno-long-long -Wno-missing-field-initializers -Wpointer-arith -Wwrite-strings -Wdeclaration-after-statement -Wshorten-64-to-32 -Wimplicit-function-declaration  -fno-common -pipe conftest.c  -L. -L/Users/cthielen/.rvm/rubies/ruby-1.9.3-p194/lib -L/Users/cthielen/.rvm/usr/lib -L. -L/usr/local/lib    -lldap -lldap_r -llber -lresolv -lpthread -lssl -lcrypto  -lruby.1.9.1 -lldap -lldap_r -llber -lresolv -lpthread -lssl -lcrypto  -lpthread -ldl -lobjc  -pthread"
conftest.c: In function ‘t’:
conftest.c:5: warning: implicit declaration of function ‘ldap_memfree’
checked program was:
/* begin */
1: #include "ruby.h"
2: 
3: /*top*/
4: int main() {return 0;}
5: int t() { ldap_memfree(); return 0; }
/* end */

--------------------

have_func: checking for ldap_perror()... -------------------- yes

"gcc -o conftest -I/Users/cthielen/.rvm/rubies/ruby-1.9.3-p194/include/ruby-1.9.1/x86_64-darwin12.0.0 -I/Users/cthielen/.rvm/rubies/ruby-1.9.3-p194/include/ruby-1.9.1/ruby/backward -I/Users/cthielen/.rvm/rubies/ruby-1.9.3-p194/include/ruby-1.9.1 -I. -I/Users/cthielen/.rvm/usr/include -D_XOPEN_SOURCE -D_DARWIN_C_SOURCE    -O3 -ggdb -Wextra -Wno-unused-parameter -Wno-parentheses -Wno-long-long -Wno-missing-field-initializers -Wpointer-arith -Wwrite-strings -Wdeclaration-after-statement -Wshorten-64-to-32 -Wimplicit-function-declaration  -fno-common -pipe conftest.c  -L. -L/Users/cthielen/.rvm/rubies/ruby-1.9.3-p194/lib -L/Users/cthielen/.rvm/usr/lib -L. -L/usr/local/lib    -lldap -lldap_r -llber -lresolv -lpthread -lssl -lcrypto  -lruby.1.9.1 -lldap -lldap_r -llber -lresolv -lpthread -lssl -lcrypto  -lpthread -ldl -lobjc  -pthread"
conftest.c: In function ‘t’:
conftest.c:5: error: ‘ldap_perror’ undeclared (first use in this function)
conftest.c:5: error: (Each undeclared identifier is reported only once
conftest.c:5: error: for each function it appears in.)
checked program was:
/* begin */
1: #include "ruby.h"
2: 
3: /*top*/
4: int main() {return 0;}
5: int t() { void ((*volatile p)()); p = (void ((*)()))ldap_perror; return 0; }
/* end */

"gcc -o conftest -I/Users/cthielen/.rvm/rubies/ruby-1.9.3-p194/include/ruby-1.9.1/x86_64-darwin12.0.0 -I/Users/cthielen/.rvm/rubies/ruby-1.9.3-p194/include/ruby-1.9.1/ruby/backward -I/Users/cthielen/.rvm/rubies/ruby-1.9.3-p194/include/ruby-1.9.1 -I. -I/Users/cthielen/.rvm/usr/include -D_XOPEN_SOURCE -D_DARWIN_C_SOURCE    -O3 -ggdb -Wextra -Wno-unused-parameter -Wno-parentheses -Wno-long-long -Wno-missing-field-initializers -Wpointer-arith -Wwrite-strings -Wdeclaration-after-statement -Wshorten-64-to-32 -Wimplicit-function-declaration  -fno-common -pipe conftest.c  -L. -L/Users/cthielen/.rvm/rubies/ruby-1.9.3-p194/lib -L/Users/cthielen/.rvm/usr/lib -L. -L/usr/local/lib    -lldap -lldap_r -llber -lresolv -lpthread -lssl -lcrypto  -lruby.1.9.1 -lldap -lldap_r -llber -lresolv -lpthread -lssl -lcrypto  -lpthread -ldl -lobjc  -pthread"
conftest.c: In function ‘t’:
conftest.c:5: warning: implicit declaration of function ‘ldap_perror’
checked program was:
/* begin */
1: #include "ruby.h"
2: 
3: /*top*/
4: int main() {return 0;}
5: int t() { ldap_perror(); return 0; }
/* end */

--------------------

have_func: checking for ldap_sort_entries()... -------------------- yes

"gcc -o conftest -I/Users/cthielen/.rvm/rubies/ruby-1.9.3-p194/include/ruby-1.9.1/x86_64-darwin12.0.0 -I/Users/cthielen/.rvm/rubies/ruby-1.9.3-p194/include/ruby-1.9.1/ruby/backward -I/Users/cthielen/.rvm/rubies/ruby-1.9.3-p194/include/ruby-1.9.1 -I. -I/Users/cthielen/.rvm/usr/include -D_XOPEN_SOURCE -D_DARWIN_C_SOURCE    -O3 -ggdb -Wextra -Wno-unused-parameter -Wno-parentheses -Wno-long-long -Wno-missing-field-initializers -Wpointer-arith -Wwrite-strings -Wdeclaration-after-statement -Wshorten-64-to-32 -Wimplicit-function-declaration  -fno-common -pipe conftest.c  -L. -L/Users/cthielen/.rvm/rubies/ruby-1.9.3-p194/lib -L/Users/cthielen/.rvm/usr/lib -L. -L/usr/local/lib    -lldap -lldap_r -llber -lresolv -lpthread -lssl -lcrypto  -lruby.1.9.1 -lldap -lldap_r -llber -lresolv -lpthread -lssl -lcrypto  -lpthread -ldl -lobjc  -pthread"
conftest.c: In function ‘t’:
conftest.c:5: error: ‘ldap_sort_entries’ undeclared (first use in this function)
conftest.c:5: error: (Each undeclared identifier is reported only once
conftest.c:5: error: for each function it appears in.)
checked program was:
/* begin */
1: #include "ruby.h"
2: 
3: /*top*/
4: int main() {return 0;}
5: int t() { void ((*volatile p)()); p = (void ((*)()))ldap_sort_entries; return 0; }
/* end */

"gcc -o conftest -I/Users/cthielen/.rvm/rubies/ruby-1.9.3-p194/include/ruby-1.9.1/x86_64-darwin12.0.0 -I/Users/cthielen/.rvm/rubies/ruby-1.9.3-p194/include/ruby-1.9.1/ruby/backward -I/Users/cthielen/.rvm/rubies/ruby-1.9.3-p194/include/ruby-1.9.1 -I. -I/Users/cthielen/.rvm/usr/include -D_XOPEN_SOURCE -D_DARWIN_C_SOURCE    -O3 -ggdb -Wextra -Wno-unused-parameter -Wno-parentheses -Wno-long-long -Wno-missing-field-initializers -Wpointer-arith -Wwrite-strings -Wdeclaration-after-statement -Wshorten-64-to-32 -Wimplicit-function-declaration  -fno-common -pipe conftest.c  -L. -L/Users/cthielen/.rvm/rubies/ruby-1.9.3-p194/lib -L/Users/cthielen/.rvm/usr/lib -L. -L/usr/local/lib    -lldap -lldap_r -llber -lresolv -lpthread -lssl -lcrypto  -lruby.1.9.1 -lldap -lldap_r -llber -lresolv -lpthread -lssl -lcrypto  -lpthread -ldl -lobjc  -pthread"
conftest.c: In function ‘t’:
conftest.c:5: warning: implicit declaration of function ‘ldap_sort_entries’
checked program was:
/* begin */
1: #include "ruby.h"
2: 
3: /*top*/
4: int main() {return 0;}
5: int t() { ldap_sort_entries(); return 0; }
/* end */

--------------------

have_func: checking for ldapssl_init()... -------------------- no

"gcc -o conftest -I/Users/cthielen/.rvm/rubies/ruby-1.9.3-p194/include/ruby-1.9.1/x86_64-darwin12.0.0 -I/Users/cthielen/.rvm/rubies/ruby-1.9.3-p194/include/ruby-1.9.1/ruby/backward -I/Users/cthielen/.rvm/rubies/ruby-1.9.3-p194/include/ruby-1.9.1 -I. -I/Users/cthielen/.rvm/usr/include -D_XOPEN_SOURCE -D_DARWIN_C_SOURCE    -O3 -ggdb -Wextra -Wno-unused-parameter -Wno-parentheses -Wno-long-long -Wno-missing-field-initializers -Wpointer-arith -Wwrite-strings -Wdeclaration-after-statement -Wshorten-64-to-32 -Wimplicit-function-declaration  -fno-common -pipe conftest.c  -L. -L/Users/cthielen/.rvm/rubies/ruby-1.9.3-p194/lib -L/Users/cthielen/.rvm/usr/lib -L. -L/usr/local/lib    -lldap -lldap_r -llber -lresolv -lpthread -lssl -lcrypto  -lruby.1.9.1 -lldap -lldap_r -llber -lresolv -lpthread -lssl -lcrypto  -lpthread -ldl -lobjc  -pthread"
conftest.c: In function ‘t’:
conftest.c:5: error: ‘ldapssl_init’ undeclared (first use in this function)
conftest.c:5: error: (Each undeclared identifier is reported only once
conftest.c:5: error: for each function it appears in.)
checked program was:
/* begin */
1: #include "ruby.h"
2: 
3: /*top*/
4: int main() {return 0;}
5: int t() { void ((*volatile p)()); p = (void ((*)()))ldapssl_init; return 0; }
/* end */

"gcc -o conftest -I/Users/cthielen/.rvm/rubies/ruby-1.9.3-p194/include/ruby-1.9.1/x86_64-darwin12.0.0 -I/Users/cthielen/.rvm/rubies/ruby-1.9.3-p194/include/ruby-1.9.1/ruby/backward -I/Users/cthielen/.rvm/rubies/ruby-1.9.3-p194/include/ruby-1.9.1 -I. -I/Users/cthielen/.rvm/usr/include -D_XOPEN_SOURCE -D_DARWIN_C_SOURCE    -O3 -ggdb -Wextra -Wno-unused-parameter -Wno-parentheses -Wno-long-long -Wno-missing-field-initializers -Wpointer-arith -Wwrite-strings -Wdeclaration-after-statement -Wshorten-64-to-32 -Wimplicit-function-declaration  -fno-common -pipe conftest.c  -L. -L/Users/cthielen/.rvm/rubies/ruby-1.9.3-p194/lib -L/Users/cthielen/.rvm/usr/lib -L. -L/usr/local/lib    -lldap -lldap_r -llber -lresolv -lpthread -lssl -lcrypto  -lruby.1.9.1 -lldap -lldap_r -llber -lresolv -lpthread -lssl -lcrypto  -lpthread -ldl -lobjc  -pthread"
conftest.c: In function ‘t’:
conftest.c:5: warning: implicit declaration of function ‘ldapssl_init’
Undefined symbols for architecture x86_64:
  "_ldapssl_init", referenced from:
      _t in ccemGazu.o
ld: symbol(s) not found for architecture x86_64
collect2: ld returned 1 exit status
checked program was:
/* begin */
1: #include "ruby.h"
2: 
3: /*top*/
4: int main() {return 0;}
5: int t() { ldapssl_init(); return 0; }
/* end */

--------------------

have_func: checking for ldap_sslinit()... -------------------- no

"gcc -o conftest -I/Users/cthielen/.rvm/rubies/ruby-1.9.3-p194/include/ruby-1.9.1/x86_64-darwin12.0.0 -I/Users/cthielen/.rvm/rubies/ruby-1.9.3-p194/include/ruby-1.9.1/ruby/backward -I/Users/cthielen/.rvm/rubies/ruby-1.9.3-p194/include/ruby-1.9.1 -I. -I/Users/cthielen/.rvm/usr/include -D_XOPEN_SOURCE -D_DARWIN_C_SOURCE    -O3 -ggdb -Wextra -Wno-unused-parameter -Wno-parentheses -Wno-long-long -Wno-missing-field-initializers -Wpointer-arith -Wwrite-strings -Wdeclaration-after-statement -Wshorten-64-to-32 -Wimplicit-function-declaration  -fno-common -pipe conftest.c  -L. -L/Users/cthielen/.rvm/rubies/ruby-1.9.3-p194/lib -L/Users/cthielen/.rvm/usr/lib -L. -L/usr/local/lib    -lldap -lldap_r -llber -lresolv -lpthread -lssl -lcrypto  -lruby.1.9.1 -lldap -lldap_r -llber -lresolv -lpthread -lssl -lcrypto  -lpthread -ldl -lobjc  -pthread"
conftest.c: In function ‘t’:
conftest.c:5: error: ‘ldap_sslinit’ undeclared (first use in this function)
conftest.c:5: error: (Each undeclared identifier is reported only once
conftest.c:5: error: for each function it appears in.)
checked program was:
/* begin */
1: #include "ruby.h"
2: 
3: /*top*/
4: int main() {return 0;}
5: int t() { void ((*volatile p)()); p = (void ((*)()))ldap_sslinit; return 0; }
/* end */

"gcc -o conftest -I/Users/cthielen/.rvm/rubies/ruby-1.9.3-p194/include/ruby-1.9.1/x86_64-darwin12.0.0 -I/Users/cthielen/.rvm/rubies/ruby-1.9.3-p194/include/ruby-1.9.1/ruby/backward -I/Users/cthielen/.rvm/rubies/ruby-1.9.3-p194/include/ruby-1.9.1 -I. -I/Users/cthielen/.rvm/usr/include -D_XOPEN_SOURCE -D_DARWIN_C_SOURCE    -O3 -ggdb -Wextra -Wno-unused-parameter -Wno-parentheses -Wno-long-long -Wno-missing-field-initializers -Wpointer-arith -Wwrite-strings -Wdeclaration-after-statement -Wshorten-64-to-32 -Wimplicit-function-declaration  -fno-common -pipe conftest.c  -L. -L/Users/cthielen/.rvm/rubies/ruby-1.9.3-p194/lib -L/Users/cthielen/.rvm/usr/lib -L. -L/usr/local/lib    -lldap -lldap_r -llber -lresolv -lpthread -lssl -lcrypto  -lruby.1.9.1 -lldap -lldap_r -llber -lresolv -lpthread -lssl -lcrypto  -lpthread -ldl -lobjc  -pthread"
conftest.c: In function ‘t’:
conftest.c:5: warning: implicit declaration of function ‘ldap_sslinit’
Undefined symbols for architecture x86_64:
  "_ldap_sslinit", referenced from:
      _t in ccvPOLAc.o
ld: symbol(s) not found for architecture x86_64
collect2: ld returned 1 exit status
checked program was:
/* begin */
1: #include "ruby.h"
2: 
3: /*top*/
4: int main() {return 0;}
5: int t() { ldap_sslinit(); return 0; }
/* end */

--------------------

have_func: checking for ldap_sasl_bind_s()... -------------------- yes

"gcc -o conftest -I/Users/cthielen/.rvm/rubies/ruby-1.9.3-p194/include/ruby-1.9.1/x86_64-darwin12.0.0 -I/Users/cthielen/.rvm/rubies/ruby-1.9.3-p194/include/ruby-1.9.1/ruby/backward -I/Users/cthielen/.rvm/rubies/ruby-1.9.3-p194/include/ruby-1.9.1 -I. -I/Users/cthielen/.rvm/usr/include -D_XOPEN_SOURCE -D_DARWIN_C_SOURCE    -O3 -ggdb -Wextra -Wno-unused-parameter -Wno-parentheses -Wno-long-long -Wno-missing-field-initializers -Wpointer-arith -Wwrite-strings -Wdeclaration-after-statement -Wshorten-64-to-32 -Wimplicit-function-declaration  -fno-common -pipe conftest.c  -L. -L/Users/cthielen/.rvm/rubies/ruby-1.9.3-p194/lib -L/Users/cthielen/.rvm/usr/lib -L. -L/usr/local/lib    -lldap -lldap_r -llber -lresolv -lpthread -lssl -lcrypto  -lruby.1.9.1 -lldap -lldap_r -llber -lresolv -lpthread -lssl -lcrypto  -lpthread -ldl -lobjc  -pthread"
conftest.c: In function ‘t’:
conftest.c:5: error: ‘ldap_sasl_bind_s’ undeclared (first use in this function)
conftest.c:5: error: (Each undeclared identifier is reported only once
conftest.c:5: error: for each function it appears in.)
checked program was:
/* begin */
1: #include "ruby.h"
2: 
3: /*top*/
4: int main() {return 0;}
5: int t() { void ((*volatile p)()); p = (void ((*)()))ldap_sasl_bind_s; return 0; }
/* end */

"gcc -o conftest -I/Users/cthielen/.rvm/rubies/ruby-1.9.3-p194/include/ruby-1.9.1/x86_64-darwin12.0.0 -I/Users/cthielen/.rvm/rubies/ruby-1.9.3-p194/include/ruby-1.9.1/ruby/backward -I/Users/cthielen/.rvm/rubies/ruby-1.9.3-p194/include/ruby-1.9.1 -I. -I/Users/cthielen/.rvm/usr/include -D_XOPEN_SOURCE -D_DARWIN_C_SOURCE    -O3 -ggdb -Wextra -Wno-unused-parameter -Wno-parentheses -Wno-long-long -Wno-missing-field-initializers -Wpointer-arith -Wwrite-strings -Wdeclaration-after-statement -Wshorten-64-to-32 -Wimplicit-function-declaration  -fno-common -pipe conftest.c  -L. -L/Users/cthielen/.rvm/rubies/ruby-1.9.3-p194/lib -L/Users/cthielen/.rvm/usr/lib -L. -L/usr/local/lib    -lldap -lldap_r -llber -lresolv -lpthread -lssl -lcrypto  -lruby.1.9.1 -lldap -lldap_r -llber -lresolv -lpthread -lssl -lcrypto  -lpthread -ldl -lobjc  -pthread"
conftest.c: In function ‘t’:
conftest.c:5: warning: implicit declaration of function ‘ldap_sasl_bind_s’
checked program was:
/* begin */
1: #include "ruby.h"
2: 
3: /*top*/
4: int main() {return 0;}
5: int t() { ldap_sasl_bind_s(); return 0; }
/* end */

--------------------

have_func: checking for ldap_compare_s()... -------------------- yes

"gcc -o conftest -I/Users/cthielen/.rvm/rubies/ruby-1.9.3-p194/include/ruby-1.9.1/x86_64-darwin12.0.0 -I/Users/cthielen/.rvm/rubies/ruby-1.9.3-p194/include/ruby-1.9.1/ruby/backward -I/Users/cthielen/.rvm/rubies/ruby-1.9.3-p194/include/ruby-1.9.1 -I. -I/Users/cthielen/.rvm/usr/include -D_XOPEN_SOURCE -D_DARWIN_C_SOURCE    -O3 -ggdb -Wextra -Wno-unused-parameter -Wno-parentheses -Wno-long-long -Wno-missing-field-initializers -Wpointer-arith -Wwrite-strings -Wdeclaration-after-statement -Wshorten-64-to-32 -Wimplicit-function-declaration  -fno-common -pipe conftest.c  -L. -L/Users/cthielen/.rvm/rubies/ruby-1.9.3-p194/lib -L/Users/cthielen/.rvm/usr/lib -L. -L/usr/local/lib    -lldap -lldap_r -llber -lresolv -lpthread -lssl -lcrypto  -lruby.1.9.1 -lldap -lldap_r -llber -lresolv -lpthread -lssl -lcrypto  -lpthread -ldl -lobjc  -pthread"
conftest.c: In function ‘t’:
conftest.c:5: error: ‘ldap_compare_s’ undeclared (first use in this function)
conftest.c:5: error: (Each undeclared identifier is reported only once
conftest.c:5: error: for each function it appears in.)
checked program was:
/* begin */
1: #include "ruby.h"
2: 
3: /*top*/
4: int main() {return 0;}
5: int t() { void ((*volatile p)()); p = (void ((*)()))ldap_compare_s; return 0; }
/* end */

"gcc -o conftest -I/Users/cthielen/.rvm/rubies/ruby-1.9.3-p194/include/ruby-1.9.1/x86_64-darwin12.0.0 -I/Users/cthielen/.rvm/rubies/ruby-1.9.3-p194/include/ruby-1.9.1/ruby/backward -I/Users/cthielen/.rvm/rubies/ruby-1.9.3-p194/include/ruby-1.9.1 -I. -I/Users/cthielen/.rvm/usr/include -D_XOPEN_SOURCE -D_DARWIN_C_SOURCE    -O3 -ggdb -Wextra -Wno-unused-parameter -Wno-parentheses -Wno-long-long -Wno-missing-field-initializers -Wpointer-arith -Wwrite-strings -Wdeclaration-after-statement -Wshorten-64-to-32 -Wimplicit-function-declaration  -fno-common -pipe conftest.c  -L. -L/Users/cthielen/.rvm/rubies/ruby-1.9.3-p194/lib -L/Users/cthielen/.rvm/usr/lib -L. -L/usr/local/lib    -lldap -lldap_r -llber -lresolv -lpthread -lssl -lcrypto  -lruby.1.9.1 -lldap -lldap_r -llber -lresolv -lpthread -lssl -lcrypto  -lpthread -ldl -lobjc  -pthread"
conftest.c: In function ‘t’:
conftest.c:5: warning: implicit declaration of function ‘ldap_compare_s’
checked program was:
/* begin */
1: #include "ruby.h"
2: 
3: /*top*/
4: int main() {return 0;}
5: int t() { ldap_compare_s(); return 0; }
/* end */

--------------------

have_func: checking for ldap_add_ext_s()... -------------------- yes

"gcc -o conftest -I/Users/cthielen/.rvm/rubies/ruby-1.9.3-p194/include/ruby-1.9.1/x86_64-darwin12.0.0 -I/Users/cthielen/.rvm/rubies/ruby-1.9.3-p194/include/ruby-1.9.1/ruby/backward -I/Users/cthielen/.rvm/rubies/ruby-1.9.3-p194/include/ruby-1.9.1 -I. -I/Users/cthielen/.rvm/usr/include -D_XOPEN_SOURCE -D_DARWIN_C_SOURCE    -O3 -ggdb -Wextra -Wno-unused-parameter -Wno-parentheses -Wno-long-long -Wno-missing-field-initializers -Wpointer-arith -Wwrite-strings -Wdeclaration-after-statement -Wshorten-64-to-32 -Wimplicit-function-declaration  -fno-common -pipe conftest.c  -L. -L/Users/cthielen/.rvm/rubies/ruby-1.9.3-p194/lib -L/Users/cthielen/.rvm/usr/lib -L. -L/usr/local/lib    -lldap -lldap_r -llber -lresolv -lpthread -lssl -lcrypto  -lruby.1.9.1 -lldap -lldap_r -llber -lresolv -lpthread -lssl -lcrypto  -lpthread -ldl -lobjc  -pthread"
conftest.c: In function ‘t’:
conftest.c:5: error: ‘ldap_add_ext_s’ undeclared (first use in this function)
conftest.c:5: error: (Each undeclared identifier is reported only once
conftest.c:5: error: for each function it appears in.)
checked program was:
/* begin */
1: #include "ruby.h"
2: 
3: /*top*/
4: int main() {return 0;}
5: int t() { void ((*volatile p)()); p = (void ((*)()))ldap_add_ext_s; return 0; }
/* end */

"gcc -o conftest -I/Users/cthielen/.rvm/rubies/ruby-1.9.3-p194/include/ruby-1.9.1/x86_64-darwin12.0.0 -I/Users/cthielen/.rvm/rubies/ruby-1.9.3-p194/include/ruby-1.9.1/ruby/backward -I/Users/cthielen/.rvm/rubies/ruby-1.9.3-p194/include/ruby-1.9.1 -I. -I/Users/cthielen/.rvm/usr/include -D_XOPEN_SOURCE -D_DARWIN_C_SOURCE    -O3 -ggdb -Wextra -Wno-unused-parameter -Wno-parentheses -Wno-long-long -Wno-missing-field-initializers -Wpointer-arith -Wwrite-strings -Wdeclaration-after-statement -Wshorten-64-to-32 -Wimplicit-function-declaration  -fno-common -pipe conftest.c  -L. -L/Users/cthielen/.rvm/rubies/ruby-1.9.3-p194/lib -L/Users/cthielen/.rvm/usr/lib -L. -L/usr/local/lib    -lldap -lldap_r -llber -lresolv -lpthread -lssl -lcrypto  -lruby.1.9.1 -lldap -lldap_r -llber -lresolv -lpthread -lssl -lcrypto  -lpthread -ldl -lobjc  -pthread"
conftest.c: In function ‘t’:
conftest.c:5: warning: implicit declaration of function ‘ldap_add_ext_s’
checked program was:
/* begin */
1: #include "ruby.h"
2: 
3: /*top*/
4: int main() {return 0;}
5: int t() { ldap_add_ext_s(); return 0; }
/* end */

--------------------

have_func: checking for ldap_compare_ext_s()... -------------------- yes

"gcc -o conftest -I/Users/cthielen/.rvm/rubies/ruby-1.9.3-p194/include/ruby-1.9.1/x86_64-darwin12.0.0 -I/Users/cthielen/.rvm/rubies/ruby-1.9.3-p194/include/ruby-1.9.1/ruby/backward -I/Users/cthielen/.rvm/rubies/ruby-1.9.3-p194/include/ruby-1.9.1 -I. -I/Users/cthielen/.rvm/usr/include -D_XOPEN_SOURCE -D_DARWIN_C_SOURCE    -O3 -ggdb -Wextra -Wno-unused-parameter -Wno-parentheses -Wno-long-long -Wno-missing-field-initializers -Wpointer-arith -Wwrite-strings -Wdeclaration-after-statement -Wshorten-64-to-32 -Wimplicit-function-declaration  -fno-common -pipe conftest.c  -L. -L/Users/cthielen/.rvm/rubies/ruby-1.9.3-p194/lib -L/Users/cthielen/.rvm/usr/lib -L. -L/usr/local/lib    -lldap -lldap_r -llber -lresolv -lpthread -lssl -lcrypto  -lruby.1.9.1 -lldap -lldap_r -llber -lresolv -lpthread -lssl -lcrypto  -lpthread -ldl -lobjc  -pthread"
conftest.c: In function ‘t’:
conftest.c:5: error: ‘ldap_compare_ext_s’ undeclared (first use in this function)
conftest.c:5: error: (Each undeclared identifier is reported only once
conftest.c:5: error: for each function it appears in.)
checked program was:
/* begin */
1: #include "ruby.h"
2: 
3: /*top*/
4: int main() {return 0;}
5: int t() { void ((*volatile p)()); p = (void ((*)()))ldap_compare_ext_s; return 0; }
/* end */

"gcc -o conftest -I/Users/cthielen/.rvm/rubies/ruby-1.9.3-p194/include/ruby-1.9.1/x86_64-darwin12.0.0 -I/Users/cthielen/.rvm/rubies/ruby-1.9.3-p194/include/ruby-1.9.1/ruby/backward -I/Users/cthielen/.rvm/rubies/ruby-1.9.3-p194/include/ruby-1.9.1 -I. -I/Users/cthielen/.rvm/usr/include -D_XOPEN_SOURCE -D_DARWIN_C_SOURCE    -O3 -ggdb -Wextra -Wno-unused-parameter -Wno-parentheses -Wno-long-long -Wno-missing-field-initializers -Wpointer-arith -Wwrite-strings -Wdeclaration-after-statement -Wshorten-64-to-32 -Wimplicit-function-declaration  -fno-common -pipe conftest.c  -L. -L/Users/cthielen/.rvm/rubies/ruby-1.9.3-p194/lib -L/Users/cthielen/.rvm/usr/lib -L. -L/usr/local/lib    -lldap -lldap_r -llber -lresolv -lpthread -lssl -lcrypto  -lruby.1.9.1 -lldap -lldap_r -llber -lresolv -lpthread -lssl -lcrypto  -lpthread -ldl -lobjc  -pthread"
conftest.c: In function ‘t’:
conftest.c:5: warning: implicit declaration of function ‘ldap_compare_ext_s’
checked program was:
/* begin */
1: #include "ruby.h"
2: 
3: /*top*/
4: int main() {return 0;}
5: int t() { ldap_compare_ext_s(); return 0; }
/* end */

--------------------

have_func: checking for ldap_delete_ext_s()... -------------------- yes

"gcc -o conftest -I/Users/cthielen/.rvm/rubies/ruby-1.9.3-p194/include/ruby-1.9.1/x86_64-darwin12.0.0 -I/Users/cthielen/.rvm/rubies/ruby-1.9.3-p194/include/ruby-1.9.1/ruby/backward -I/Users/cthielen/.rvm/rubies/ruby-1.9.3-p194/include/ruby-1.9.1 -I. -I/Users/cthielen/.rvm/usr/include -D_XOPEN_SOURCE -D_DARWIN_C_SOURCE    -O3 -ggdb -Wextra -Wno-unused-parameter -Wno-parentheses -Wno-long-long -Wno-missing-field-initializers -Wpointer-arith -Wwrite-strings -Wdeclaration-after-statement -Wshorten-64-to-32 -Wimplicit-function-declaration  -fno-common -pipe conftest.c  -L. -L/Users/cthielen/.rvm/rubies/ruby-1.9.3-p194/lib -L/Users/cthielen/.rvm/usr/lib -L. -L/usr/local/lib    -lldap -lldap_r -llber -lresolv -lpthread -lssl -lcrypto  -lruby.1.9.1 -lldap -lldap_r -llber -lresolv -lpthread -lssl -lcrypto  -lpthread -ldl -lobjc  -pthread"
conftest.c: In function ‘t’:
conftest.c:5: error: ‘ldap_delete_ext_s’ undeclared (first use in this function)
conftest.c:5: error: (Each undeclared identifier is reported only once
conftest.c:5: error: for each function it appears in.)
checked program was:
/* begin */
1: #include "ruby.h"
2: 
3: /*top*/
4: int main() {return 0;}
5: int t() { void ((*volatile p)()); p = (void ((*)()))ldap_delete_ext_s; return 0; }
/* end */

"gcc -o conftest -I/Users/cthielen/.rvm/rubies/ruby-1.9.3-p194/include/ruby-1.9.1/x86_64-darwin12.0.0 -I/Users/cthielen/.rvm/rubies/ruby-1.9.3-p194/include/ruby-1.9.1/ruby/backward -I/Users/cthielen/.rvm/rubies/ruby-1.9.3-p194/include/ruby-1.9.1 -I. -I/Users/cthielen/.rvm/usr/include -D_XOPEN_SOURCE -D_DARWIN_C_SOURCE    -O3 -ggdb -Wextra -Wno-unused-parameter -Wno-parentheses -Wno-long-long -Wno-missing-field-initializers -Wpointer-arith -Wwrite-strings -Wdeclaration-after-statement -Wshorten-64-to-32 -Wimplicit-function-declaration  -fno-common -pipe conftest.c  -L. -L/Users/cthielen/.rvm/rubies/ruby-1.9.3-p194/lib -L/Users/cthielen/.rvm/usr/lib -L. -L/usr/local/lib    -lldap -lldap_r -llber -lresolv -lpthread -lssl -lcrypto  -lruby.1.9.1 -lldap -lldap_r -llber -lresolv -lpthread -lssl -lcrypto  -lpthread -ldl -lobjc  -pthread"
conftest.c: In function ‘t’:
conftest.c:5: warning: implicit declaration of function ‘ldap_delete_ext_s’
checked program was:
/* begin */
1: #include "ruby.h"
2: 
3: /*top*/
4: int main() {return 0;}
5: int t() { ldap_delete_ext_s(); return 0; }
/* end */

--------------------

have_func: checking for ldap_modify_ext_s()... -------------------- yes

"gcc -o conftest -I/Users/cthielen/.rvm/rubies/ruby-1.9.3-p194/include/ruby-1.9.1/x86_64-darwin12.0.0 -I/Users/cthielen/.rvm/rubies/ruby-1.9.3-p194/include/ruby-1.9.1/ruby/backward -I/Users/cthielen/.rvm/rubies/ruby-1.9.3-p194/include/ruby-1.9.1 -I. -I/Users/cthielen/.rvm/usr/include -D_XOPEN_SOURCE -D_DARWIN_C_SOURCE    -O3 -ggdb -Wextra -Wno-unused-parameter -Wno-parentheses -Wno-long-long -Wno-missing-field-initializers -Wpointer-arith -Wwrite-strings -Wdeclaration-after-statement -Wshorten-64-to-32 -Wimplicit-function-declaration  -fno-common -pipe conftest.c  -L. -L/Users/cthielen/.rvm/rubies/ruby-1.9.3-p194/lib -L/Users/cthielen/.rvm/usr/lib -L. -L/usr/local/lib    -lldap -lldap_r -llber -lresolv -lpthread -lssl -lcrypto  -lruby.1.9.1 -lldap -lldap_r -llber -lresolv -lpthread -lssl -lcrypto  -lpthread -ldl -lobjc  -pthread"
conftest.c: In function ‘t’:
conftest.c:5: error: ‘ldap_modify_ext_s’ undeclared (first use in this function)
conftest.c:5: error: (Each undeclared identifier is reported only once
conftest.c:5: error: for each function it appears in.)
checked program was:
/* begin */
1: #include "ruby.h"
2: 
3: /*top*/
4: int main() {return 0;}
5: int t() { void ((*volatile p)()); p = (void ((*)()))ldap_modify_ext_s; return 0; }
/* end */

"gcc -o conftest -I/Users/cthielen/.rvm/rubies/ruby-1.9.3-p194/include/ruby-1.9.1/x86_64-darwin12.0.0 -I/Users/cthielen/.rvm/rubies/ruby-1.9.3-p194/include/ruby-1.9.1/ruby/backward -I/Users/cthielen/.rvm/rubies/ruby-1.9.3-p194/include/ruby-1.9.1 -I. -I/Users/cthielen/.rvm/usr/include -D_XOPEN_SOURCE -D_DARWIN_C_SOURCE    -O3 -ggdb -Wextra -Wno-unused-parameter -Wno-parentheses -Wno-long-long -Wno-missing-field-initializers -Wpointer-arith -Wwrite-strings -Wdeclaration-after-statement -Wshorten-64-to-32 -Wimplicit-function-declaration  -fno-common -pipe conftest.c  -L. -L/Users/cthielen/.rvm/rubies/ruby-1.9.3-p194/lib -L/Users/cthielen/.rvm/usr/lib -L. -L/usr/local/lib    -lldap -lldap_r -llber -lresolv -lpthread -lssl -lcrypto  -lruby.1.9.1 -lldap -lldap_r -llber -lresolv -lpthread -lssl -lcrypto  -lpthread -ldl -lobjc  -pthread"
conftest.c: In function ‘t’:
conftest.c:5: warning: implicit declaration of function ‘ldap_modify_ext_s’
checked program was:
/* begin */
1: #include "ruby.h"
2: 
3: /*top*/
4: int main() {return 0;}
5: int t() { ldap_modify_ext_s(); return 0; }
/* end */

--------------------

have_func: checking for ldap_search_ext_s()... -------------------- yes

"gcc -o conftest -I/Users/cthielen/.rvm/rubies/ruby-1.9.3-p194/include/ruby-1.9.1/x86_64-darwin12.0.0 -I/Users/cthielen/.rvm/rubies/ruby-1.9.3-p194/include/ruby-1.9.1/ruby/backward -I/Users/cthielen/.rvm/rubies/ruby-1.9.3-p194/include/ruby-1.9.1 -I. -I/Users/cthielen/.rvm/usr/include -D_XOPEN_SOURCE -D_DARWIN_C_SOURCE    -O3 -ggdb -Wextra -Wno-unused-parameter -Wno-parentheses -Wno-long-long -Wno-missing-field-initializers -Wpointer-arith -Wwrite-strings -Wdeclaration-after-statement -Wshorten-64-to-32 -Wimplicit-function-declaration  -fno-common -pipe conftest.c  -L. -L/Users/cthielen/.rvm/rubies/ruby-1.9.3-p194/lib -L/Users/cthielen/.rvm/usr/lib -L. -L/usr/local/lib    -lldap -lldap_r -llber -lresolv -lpthread -lssl -lcrypto  -lruby.1.9.1 -lldap -lldap_r -llber -lresolv -lpthread -lssl -lcrypto  -lpthread -ldl -lobjc  -pthread"
conftest.c: In function ‘t’:
conftest.c:5: error: ‘ldap_search_ext_s’ undeclared (first use in this function)
conftest.c:5: error: (Each undeclared identifier is reported only once
conftest.c:5: error: for each function it appears in.)
checked program was:
/* begin */
1: #include "ruby.h"
2: 
3: /*top*/
4: int main() {return 0;}
5: int t() { void ((*volatile p)()); p = (void ((*)()))ldap_search_ext_s; return 0; }
/* end */

"gcc -o conftest -I/Users/cthielen/.rvm/rubies/ruby-1.9.3-p194/include/ruby-1.9.1/x86_64-darwin12.0.0 -I/Users/cthielen/.rvm/rubies/ruby-1.9.3-p194/include/ruby-1.9.1/ruby/backward -I/Users/cthielen/.rvm/rubies/ruby-1.9.3-p194/include/ruby-1.9.1 -I. -I/Users/cthielen/.rvm/usr/include -D_XOPEN_SOURCE -D_DARWIN_C_SOURCE    -O3 -ggdb -Wextra -Wno-unused-parameter -Wno-parentheses -Wno-long-long -Wno-missing-field-initializers -Wpointer-arith -Wwrite-strings -Wdeclaration-after-statement -Wshorten-64-to-32 -Wimplicit-function-declaration  -fno-common -pipe conftest.c  -L. -L/Users/cthielen/.rvm/rubies/ruby-1.9.3-p194/lib -L/Users/cthielen/.rvm/usr/lib -L. -L/usr/local/lib    -lldap -lldap_r -llber -lresolv -lpthread -lssl -lcrypto  -lruby.1.9.1 -lldap -lldap_r -llber -lresolv -lpthread -lssl -lcrypto  -lpthread -ldl -lobjc  -pthread"
conftest.c: In function ‘t’:
conftest.c:5: warning: implicit declaration of function ‘ldap_search_ext_s’
checked program was:
/* begin */
1: #include "ruby.h"
2: 
3: /*top*/
4: int main() {return 0;}
5: int t() { ldap_search_ext_s(); return 0; }
/* end */

--------------------

have_func: checking for ldap_unbind_ext_s()... -------------------- yes

"gcc -o conftest -I/Users/cthielen/.rvm/rubies/ruby-1.9.3-p194/include/ruby-1.9.1/x86_64-darwin12.0.0 -I/Users/cthielen/.rvm/rubies/ruby-1.9.3-p194/include/ruby-1.9.1/ruby/backward -I/Users/cthielen/.rvm/rubies/ruby-1.9.3-p194/include/ruby-1.9.1 -I. -I/Users/cthielen/.rvm/usr/include -D_XOPEN_SOURCE -D_DARWIN_C_SOURCE    -O3 -ggdb -Wextra -Wno-unused-parameter -Wno-parentheses -Wno-long-long -Wno-missing-field-initializers -Wpointer-arith -Wwrite-strings -Wdeclaration-after-statement -Wshorten-64-to-32 -Wimplicit-function-declaration  -fno-common -pipe conftest.c  -L. -L/Users/cthielen/.rvm/rubies/ruby-1.9.3-p194/lib -L/Users/cthielen/.rvm/usr/lib -L. -L/usr/local/lib    -lldap -lldap_r -llber -lresolv -lpthread -lssl -lcrypto  -lruby.1.9.1 -lldap -lldap_r -llber -lresolv -lpthread -lssl -lcrypto  -lpthread -ldl -lobjc  -pthread"
conftest.c: In function ‘t’:
conftest.c:5: error: ‘ldap_unbind_ext_s’ undeclared (first use in this function)
conftest.c:5: error: (Each undeclared identifier is reported only once
conftest.c:5: error: for each function it appears in.)
checked program was:
/* begin */
1: #include "ruby.h"
2: 
3: /*top*/
4: int main() {return 0;}
5: int t() { void ((*volatile p)()); p = (void ((*)()))ldap_unbind_ext_s; return 0; }
/* end */

"gcc -o conftest -I/Users/cthielen/.rvm/rubies/ruby-1.9.3-p194/include/ruby-1.9.1/x86_64-darwin12.0.0 -I/Users/cthielen/.rvm/rubies/ruby-1.9.3-p194/include/ruby-1.9.1/ruby/backward -I/Users/cthielen/.rvm/rubies/ruby-1.9.3-p194/include/ruby-1.9.1 -I. -I/Users/cthielen/.rvm/usr/include -D_XOPEN_SOURCE -D_DARWIN_C_SOURCE    -O3 -ggdb -Wextra -Wno-unused-parameter -Wno-parentheses -Wno-long-long -Wno-missing-field-initializers -Wpointer-arith -Wwrite-strings -Wdeclaration-after-statement -Wshorten-64-to-32 -Wimplicit-function-declaration  -fno-common -pipe conftest.c  -L. -L/Users/cthielen/.rvm/rubies/ruby-1.9.3-p194/lib -L/Users/cthielen/.rvm/usr/lib -L. -L/usr/local/lib    -lldap -lldap_r -llber -lresolv -lpthread -lssl -lcrypto  -lruby.1.9.1 -lldap -lldap_r -llber -lresolv -lpthread -lssl -lcrypto  -lpthread -ldl -lobjc  -pthread"
conftest.c: In function ‘t’:
conftest.c:5: warning: implicit declaration of function ‘ldap_unbind_ext_s’
checked program was:
/* begin */
1: #include "ruby.h"
2: 
3: /*top*/
4: int main() {return 0;}
5: int t() { ldap_unbind_ext_s(); return 0; }
/* end */

--------------------

have_func: checking for ldap_sasl_interactive_bind_s()... -------------------- yes

"gcc -o conftest -I/Users/cthielen/.rvm/rubies/ruby-1.9.3-p194/include/ruby-1.9.1/x86_64-darwin12.0.0 -I/Users/cthielen/.rvm/rubies/ruby-1.9.3-p194/include/ruby-1.9.1/ruby/backward -I/Users/cthielen/.rvm/rubies/ruby-1.9.3-p194/include/ruby-1.9.1 -I. -I/Users/cthielen/.rvm/usr/include -D_XOPEN_SOURCE -D_DARWIN_C_SOURCE    -O3 -ggdb -Wextra -Wno-unused-parameter -Wno-parentheses -Wno-long-long -Wno-missing-field-initializers -Wpointer-arith -Wwrite-strings -Wdeclaration-after-statement -Wshorten-64-to-32 -Wimplicit-function-declaration  -fno-common -pipe conftest.c  -L. -L/Users/cthielen/.rvm/rubies/ruby-1.9.3-p194/lib -L/Users/cthielen/.rvm/usr/lib -L. -L/usr/local/lib    -lldap -lldap_r -llber -lresolv -lpthread -lssl -lcrypto  -lruby.1.9.1 -lldap -lldap_r -llber -lresolv -lpthread -lssl -lcrypto  -lpthread -ldl -lobjc  -pthread"
conftest.c: In function ‘t’:
conftest.c:5: error: ‘ldap_sasl_interactive_bind_s’ undeclared (first use in this function)
conftest.c:5: error: (Each undeclared identifier is reported only once
conftest.c:5: error: for each function it appears in.)
checked program was:
/* begin */
1: #include "ruby.h"
2: 
3: /*top*/
4: int main() {return 0;}
5: int t() { void ((*volatile p)()); p = (void ((*)()))ldap_sasl_interactive_bind_s; return 0; }
/* end */

"gcc -o conftest -I/Users/cthielen/.rvm/rubies/ruby-1.9.3-p194/include/ruby-1.9.1/x86_64-darwin12.0.0 -I/Users/cthielen/.rvm/rubies/ruby-1.9.3-p194/include/ruby-1.9.1/ruby/backward -I/Users/cthielen/.rvm/rubies/ruby-1.9.3-p194/include/ruby-1.9.1 -I. -I/Users/cthielen/.rvm/usr/include -D_XOPEN_SOURCE -D_DARWIN_C_SOURCE    -O3 -ggdb -Wextra -Wno-unused-parameter -Wno-parentheses -Wno-long-long -Wno-missing-field-initializers -Wpointer-arith -Wwrite-strings -Wdeclaration-after-statement -Wshorten-64-to-32 -Wimplicit-function-declaration  -fno-common -pipe conftest.c  -L. -L/Users/cthielen/.rvm/rubies/ruby-1.9.3-p194/lib -L/Users/cthielen/.rvm/usr/lib -L. -L/usr/local/lib    -lldap -lldap_r -llber -lresolv -lpthread -lssl -lcrypto  -lruby.1.9.1 -lldap -lldap_r -llber -lresolv -lpthread -lssl -lcrypto  -lpthread -ldl -lobjc  -pthread"
conftest.c: In function ‘t’:
conftest.c:5: warning: implicit declaration of function ‘ldap_sasl_interactive_bind_s’
checked program was:
/* begin */
1: #include "ruby.h"
2: 
3: /*top*/
4: int main() {return 0;}
5: int t() { ldap_sasl_interactive_bind_s(); return 0; }
/* end */

--------------------

