have_func: checking for mysql_ssl_set()... -------------------- yes

"gcc -o conftest -I/Users/cthielen/.rvm/rubies/ruby-1.9.3-p125/include/ruby-1.9.1/x86_64-darwin12.0.0 -I/Users/cthielen/.rvm/rubies/ruby-1.9.3-p125/include/ruby-1.9.1/ruby/backward -I/Users/cthielen/.rvm/rubies/ruby-1.9.3-p125/include/ruby-1.9.1 -I. -I/Users/cthielen/.rvm/usr/include -D_XOPEN_SOURCE -D_DARWIN_C_SOURCE   -I/usr/local/Cellar/mysql/5.5.19/include -g  -O3 -g -Wextra -Wno-unused-parameter -Wno-parentheses -Wno-long-long -Wno-missing-field-initializers -Wpointer-arith -Wwrite-strings -Wdeclaration-after-statement -Wshorten-64-to-32 -Wimplicit-function-declaration  -fno-common -pipe conftest.c  -L. -L/Users/cthielen/.rvm/rubies/ruby-1.9.3-p125/lib -L/Users/cthielen/.rvm/usr/lib -L. -L/usr/local/lib    -L/usr/local/Cellar/mysql/5.5.19/lib -lmysqlclient   -lpthread -lz -lssl -lcrypto  -lruby.1.9.1  -lpthread -ldl -lobjc "
checked program was:
/* begin */
1: #include "ruby.h"
2: 
3: int main() {return 0;}
/* end */

"gcc -o conftest -I/Users/cthielen/.rvm/rubies/ruby-1.9.3-p125/include/ruby-1.9.1/x86_64-darwin12.0.0 -I/Users/cthielen/.rvm/rubies/ruby-1.9.3-p125/include/ruby-1.9.1/ruby/backward -I/Users/cthielen/.rvm/rubies/ruby-1.9.3-p125/include/ruby-1.9.1 -I. -I/Users/cthielen/.rvm/usr/include -D_XOPEN_SOURCE -D_DARWIN_C_SOURCE   -I/usr/local/Cellar/mysql/5.5.19/include -g  -O3 -g -Wextra -Wno-unused-parameter -Wno-parentheses -Wno-long-long -Wno-missing-field-initializers -Wpointer-arith -Wwrite-strings -Wdeclaration-after-statement -Wshorten-64-to-32 -Wimplicit-function-declaration  -fno-common -pipe conftest.c  -L. -L/Users/cthielen/.rvm/rubies/ruby-1.9.3-p125/lib -L/Users/cthielen/.rvm/usr/lib -L. -L/usr/local/lib    -L/usr/local/Cellar/mysql/5.5.19/lib -lmysqlclient   -lpthread -lz -lssl -lcrypto  -lruby.1.9.1 -L/usr/local/Cellar/mysql/5.5.19/lib -lmysqlclient   -lpthread -lz -lssl -lcrypto  -lpthread -ldl -lobjc "
conftest.c: In function ‘t’:
conftest.c:5: error: ‘mysql_ssl_set’ undeclared (first use in this function)
conftest.c:5: error: (Each undeclared identifier is reported only once
conftest.c:5: error: for each function it appears in.)
checked program was:
/* begin */
1: #include "ruby.h"
2: 
3: /*top*/
4: int main() {return 0;}
5: int t() { void ((*volatile p)()); p = (void ((*)()))mysql_ssl_set; return 0; }
/* end */

"gcc -o conftest -I/Users/cthielen/.rvm/rubies/ruby-1.9.3-p125/include/ruby-1.9.1/x86_64-darwin12.0.0 -I/Users/cthielen/.rvm/rubies/ruby-1.9.3-p125/include/ruby-1.9.1/ruby/backward -I/Users/cthielen/.rvm/rubies/ruby-1.9.3-p125/include/ruby-1.9.1 -I. -I/Users/cthielen/.rvm/usr/include -D_XOPEN_SOURCE -D_DARWIN_C_SOURCE   -I/usr/local/Cellar/mysql/5.5.19/include -g  -O3 -g -Wextra -Wno-unused-parameter -Wno-parentheses -Wno-long-long -Wno-missing-field-initializers -Wpointer-arith -Wwrite-strings -Wdeclaration-after-statement -Wshorten-64-to-32 -Wimplicit-function-declaration  -fno-common -pipe conftest.c  -L. -L/Users/cthielen/.rvm/rubies/ruby-1.9.3-p125/lib -L/Users/cthielen/.rvm/usr/lib -L. -L/usr/local/lib    -L/usr/local/Cellar/mysql/5.5.19/lib -lmysqlclient   -lpthread -lz -lssl -lcrypto  -lruby.1.9.1 -L/usr/local/Cellar/mysql/5.5.19/lib -lmysqlclient   -lpthread -lz -lssl -lcrypto  -lpthread -ldl -lobjc "
conftest.c: In function ‘t’:
conftest.c:5: warning: implicit declaration of function ‘mysql_ssl_set’
checked program was:
/* begin */
1: #include "ruby.h"
2: 
3: /*top*/
4: int main() {return 0;}
5: int t() { mysql_ssl_set(); return 0; }
/* end */

--------------------

have_func: checking for rb_str_set_len()... -------------------- yes

"gcc -o conftest -I/Users/cthielen/.rvm/rubies/ruby-1.9.3-p125/include/ruby-1.9.1/x86_64-darwin12.0.0 -I/Users/cthielen/.rvm/rubies/ruby-1.9.3-p125/include/ruby-1.9.1/ruby/backward -I/Users/cthielen/.rvm/rubies/ruby-1.9.3-p125/include/ruby-1.9.1 -I. -I/Users/cthielen/.rvm/usr/include -D_XOPEN_SOURCE -D_DARWIN_C_SOURCE   -I/usr/local/Cellar/mysql/5.5.19/include -g  -O3 -g -Wextra -Wno-unused-parameter -Wno-parentheses -Wno-long-long -Wno-missing-field-initializers -Wpointer-arith -Wwrite-strings -Wdeclaration-after-statement -Wshorten-64-to-32 -Wimplicit-function-declaration  -fno-common -pipe conftest.c  -L. -L/Users/cthielen/.rvm/rubies/ruby-1.9.3-p125/lib -L/Users/cthielen/.rvm/usr/lib -L. -L/usr/local/lib    -L/usr/local/Cellar/mysql/5.5.19/lib -lmysqlclient   -lpthread -lz -lssl -lcrypto  -lruby.1.9.1 -L/usr/local/Cellar/mysql/5.5.19/lib -lmysqlclient   -lpthread -lz -lssl -lcrypto  -lpthread -ldl -lobjc "
checked program was:
/* begin */
1: #include "ruby.h"
2: 
3: /*top*/
4: int main() {return 0;}
5: int t() { void ((*volatile p)()); p = (void ((*)()))rb_str_set_len; return 0; }
/* end */

--------------------

have_func: checking for rb_thread_start_timer()... -------------------- no

"gcc -o conftest -I/Users/cthielen/.rvm/rubies/ruby-1.9.3-p125/include/ruby-1.9.1/x86_64-darwin12.0.0 -I/Users/cthielen/.rvm/rubies/ruby-1.9.3-p125/include/ruby-1.9.1/ruby/backward -I/Users/cthielen/.rvm/rubies/ruby-1.9.3-p125/include/ruby-1.9.1 -I. -I/Users/cthielen/.rvm/usr/include -D_XOPEN_SOURCE -D_DARWIN_C_SOURCE   -I/usr/local/Cellar/mysql/5.5.19/include -g  -O3 -g -Wextra -Wno-unused-parameter -Wno-parentheses -Wno-long-long -Wno-missing-field-initializers -Wpointer-arith -Wwrite-strings -Wdeclaration-after-statement -Wshorten-64-to-32 -Wimplicit-function-declaration  -fno-common -pipe conftest.c  -L. -L/Users/cthielen/.rvm/rubies/ruby-1.9.3-p125/lib -L/Users/cthielen/.rvm/usr/lib -L. -L/usr/local/lib    -L/usr/local/Cellar/mysql/5.5.19/lib -lmysqlclient   -lpthread -lz -lssl -lcrypto  -lruby.1.9.1 -L/usr/local/Cellar/mysql/5.5.19/lib -lmysqlclient   -lpthread -lz -lssl -lcrypto  -lpthread -ldl -lobjc "
conftest.c: In function ‘t’:
conftest.c:5: error: ‘rb_thread_start_timer’ undeclared (first use in this function)
conftest.c:5: error: (Each undeclared identifier is reported only once
conftest.c:5: error: for each function it appears in.)
checked program was:
/* begin */
1: #include "ruby.h"
2: 
3: /*top*/
4: int main() {return 0;}
5: int t() { void ((*volatile p)()); p = (void ((*)()))rb_thread_start_timer; return 0; }
/* end */

"gcc -o conftest -I/Users/cthielen/.rvm/rubies/ruby-1.9.3-p125/include/ruby-1.9.1/x86_64-darwin12.0.0 -I/Users/cthielen/.rvm/rubies/ruby-1.9.3-p125/include/ruby-1.9.1/ruby/backward -I/Users/cthielen/.rvm/rubies/ruby-1.9.3-p125/include/ruby-1.9.1 -I. -I/Users/cthielen/.rvm/usr/include -D_XOPEN_SOURCE -D_DARWIN_C_SOURCE   -I/usr/local/Cellar/mysql/5.5.19/include -g  -O3 -g -Wextra -Wno-unused-parameter -Wno-parentheses -Wno-long-long -Wno-missing-field-initializers -Wpointer-arith -Wwrite-strings -Wdeclaration-after-statement -Wshorten-64-to-32 -Wimplicit-function-declaration  -fno-common -pipe conftest.c  -L. -L/Users/cthielen/.rvm/rubies/ruby-1.9.3-p125/lib -L/Users/cthielen/.rvm/usr/lib -L. -L/usr/local/lib    -L/usr/local/Cellar/mysql/5.5.19/lib -lmysqlclient   -lpthread -lz -lssl -lcrypto  -lruby.1.9.1 -L/usr/local/Cellar/mysql/5.5.19/lib -lmysqlclient   -lpthread -lz -lssl -lcrypto  -lpthread -ldl -lobjc "
conftest.c: In function ‘t’:
conftest.c:5: warning: implicit declaration of function ‘rb_thread_start_timer’
Undefined symbols for architecture x86_64:
  "_rb_thread_start_timer", referenced from:
      _t in ccfpa7ru.o
ld: symbol(s) not found for architecture x86_64
collect2: ld returned 1 exit status
checked program was:
/* begin */
1: #include "ruby.h"
2: 
3: /*top*/
4: int main() {return 0;}
5: int t() { rb_thread_start_timer(); return 0; }
/* end */

--------------------

have_header: checking for mysql.h... -------------------- yes

"gcc -E -I/Users/cthielen/.rvm/rubies/ruby-1.9.3-p125/include/ruby-1.9.1/x86_64-darwin12.0.0 -I/Users/cthielen/.rvm/rubies/ruby-1.9.3-p125/include/ruby-1.9.1/ruby/backward -I/Users/cthielen/.rvm/rubies/ruby-1.9.3-p125/include/ruby-1.9.1 -I. -I/Users/cthielen/.rvm/usr/include -D_XOPEN_SOURCE -D_DARWIN_C_SOURCE   -I/usr/local/Cellar/mysql/5.5.19/include -g  -O3 -g -Wextra -Wno-unused-parameter -Wno-parentheses -Wno-long-long -Wno-missing-field-initializers -Wpointer-arith -Wwrite-strings -Wdeclaration-after-statement -Wshorten-64-to-32 -Wimplicit-function-declaration  -fno-common -pipe  conftest.c -o conftest.i"
checked program was:
/* begin */
1: #include "ruby.h"
2: 
3: #include <mysql.h>
/* end */

--------------------

